[1.286s] Invoking command in '/home/song/rb10_Proximity/src/self_detection_raw': PYTHONPATH=/home/song/rb10_Proximity/src/self_detection_raw/build/self_detection_raw/prefix_override:/usr/lib/python3/dist-packages/colcon_core/task/python/colcon_distutils_commands:/home/song/rb10_Proximity/src/self_detection_raw/install/self_detection_raw/lib/python3.10/site-packages:${PYTHONPATH} /usr/bin/python3 -W ignore:setup.py install is deprecated -W ignore:easy_install command is deprecated setup.py egg_info --egg-base build/self_detection_raw build --build-base /home/song/rb10_Proximity/src/self_detection_raw/build/self_detection_raw/build install --record /home/song/rb10_Proximity/src/self_detection_raw/build/self_detection_raw/install.log --single-version-externally-managed install_data
[1.569s] running egg_info
[1.569s] writing build/self_detection_raw/self_detection_raw.egg-info/PKG-INFO
[1.569s] writing dependency_links to build/self_detection_raw/self_detection_raw.egg-info/dependency_links.txt
[1.570s] writing entry points to build/self_detection_raw/self_detection_raw.egg-info/entry_points.txt
[1.570s] writing requirements to build/self_detection_raw/self_detection_raw.egg-info/requires.txt
[1.570s] writing top-level names to build/self_detection_raw/self_detection_raw.egg-info/top_level.txt
[1.572s] reading manifest file 'build/self_detection_raw/self_detection_raw.egg-info/SOURCES.txt'
[1.573s] writing manifest file 'build/self_detection_raw/self_detection_raw.egg-info/SOURCES.txt'
[1.573s] running build
[1.573s] running build_py
[1.574s] copying self_detection_raw/data/loader_v.py -> /home/song/rb10_Proximity/src/self_detection_raw/build/self_detection_raw/build/lib/self_detection_raw/data
[1.575s] copying self_detection_raw/models/mlp_b_v.py -> /home/song/rb10_Proximity/src/self_detection_raw/build/self_detection_raw/build/lib/self_detection_raw/models
[1.575s] running install
[1.576s] running install_lib
[1.577s] copying /home/song/rb10_Proximity/src/self_detection_raw/build/self_detection_raw/build/lib/self_detection_raw/data/loader_v.py -> /home/song/rb10_Proximity/src/self_detection_raw/install/self_detection_raw/lib/python3.10/site-packages/self_detection_raw/data
[1.577s] copying /home/song/rb10_Proximity/src/self_detection_raw/build/self_detection_raw/build/lib/self_detection_raw/models/mlp_b_v.py -> /home/song/rb10_Proximity/src/self_detection_raw/install/self_detection_raw/lib/python3.10/site-packages/self_detection_raw/models
[1.578s] byte-compiling /home/song/rb10_Proximity/src/self_detection_raw/install/self_detection_raw/lib/python3.10/site-packages/self_detection_raw/data/loader_v.py to loader_v.cpython-310.pyc
[1.579s] byte-compiling /home/song/rb10_Proximity/src/self_detection_raw/install/self_detection_raw/lib/python3.10/site-packages/self_detection_raw/models/mlp_b_v.py to mlp_b_v.cpython-310.pyc
[1.579s] running install_data
[1.580s] running install_egg_info
[1.581s] removing '/home/song/rb10_Proximity/src/self_detection_raw/install/self_detection_raw/lib/python3.10/site-packages/self_detection_raw-0.1.0-py3.10.egg-info' (and everything under it)
[1.582s] Copying build/self_detection_raw/self_detection_raw.egg-info to /home/song/rb10_Proximity/src/self_detection_raw/install/self_detection_raw/lib/python3.10/site-packages/self_detection_raw-0.1.0-py3.10.egg-info
[1.608s] running install_scripts
[1.630s] Installing realtime_infer script to /home/song/rb10_Proximity/src/self_detection_raw/install/self_detection_raw/bin
[1.632s] Installing realtime_infer_tcn script to /home/song/rb10_Proximity/src/self_detection_raw/install/self_detection_raw/bin
[1.633s] Installing realtime_infer_v4 script to /home/song/rb10_Proximity/src/self_detection_raw/install/self_detection_raw/bin
[1.633s] Installing self-detection-eval script to /home/song/rb10_Proximity/src/self_detection_raw/install/self_detection_raw/bin
[1.633s] Installing self-detection-infer script to /home/song/rb10_Proximity/src/self_detection_raw/install/self_detection_raw/bin
[1.633s] Installing self-detection-infer-tcn script to /home/song/rb10_Proximity/src/self_detection_raw/install/self_detection_raw/bin
[1.633s] Installing self-detection-train script to /home/song/rb10_Proximity/src/self_detection_raw/install/self_detection_raw/bin
[1.633s] Installing self-detection-train-tcn script to /home/song/rb10_Proximity/src/self_detection_raw/install/self_detection_raw/bin
[1.633s] writing list of installed files to '/home/song/rb10_Proximity/src/self_detection_raw/build/self_detection_raw/install.log'
[1.658s] Invoked command in '/home/song/rb10_Proximity/src/self_detection_raw' returned '0': PYTHONPATH=/home/song/rb10_Proximity/src/self_detection_raw/build/self_detection_raw/prefix_override:/usr/lib/python3/dist-packages/colcon_core/task/python/colcon_distutils_commands:/home/song/rb10_Proximity/src/self_detection_raw/install/self_detection_raw/lib/python3.10/site-packages:${PYTHONPATH} /usr/bin/python3 -W ignore:setup.py install is deprecated -W ignore:easy_install command is deprecated setup.py egg_info --egg-base build/self_detection_raw build --build-base /home/song/rb10_Proximity/src/self_detection_raw/build/self_detection_raw/build install --record /home/song/rb10_Proximity/src/self_detection_raw/build/self_detection_raw/install.log --single-version-externally-managed install_data
