running egg_info
writing build/self_detection_raw/self_detection_raw.egg-info/PKG-INFO
writing dependency_links to build/self_detection_raw/self_detection_raw.egg-info/dependency_links.txt
writing entry points to build/self_detection_raw/self_detection_raw.egg-info/entry_points.txt
writing requirements to build/self_detection_raw/self_detection_raw.egg-info/requires.txt
writing top-level names to build/self_detection_raw/self_detection_raw.egg-info/top_level.txt
reading manifest file 'build/self_detection_raw/self_detection_raw.egg-info/SOURCES.txt'
writing manifest file 'build/self_detection_raw/self_detection_raw.egg-info/SOURCES.txt'
running build
running build_py
running install
running install_lib
running install_data
running install_egg_info
removing '/home/son_rb/rb_ws/src/self_detection_raw/install/self_detection_raw/lib/python3.10/site-packages/self_detection_raw-0.1.0-py3.10.egg-info' (and everything under it)
Copying build/self_detection_raw/self_detection_raw.egg-info to /home/son_rb/rb_ws/src/self_detection_raw/install/self_detection_raw/lib/python3.10/site-packages/self_detection_raw-0.1.0-py3.10.egg-info
running install_scripts
Installing realtime_infer script to /home/son_rb/rb_ws/src/self_detection_raw/install/self_detection_raw/bin
Installing realtime_infer_v4 script to /home/son_rb/rb_ws/src/self_detection_raw/install/self_detection_raw/bin
Installing self-detection-eval script to /home/son_rb/rb_ws/src/self_detection_raw/install/self_detection_raw/bin
Installing self-detection-infer script to /home/son_rb/rb_ws/src/self_detection_raw/install/self_detection_raw/bin
Installing self-detection-train script to /home/son_rb/rb_ws/src/self_detection_raw/install/self_detection_raw/bin
writing list of installed files to '/home/son_rb/rb_ws/src/self_detection_raw/build/self_detection_raw/install.log'
