[0.336s] DEBUG:colcon:Command line arguments: ['/usr/bin/colcon', 'build']
[0.336s] DEBUG:colcon:Parsed command line arguments: Namespace(log_base=None, log_level=None, verb_name='build', build_base='build', install_base='install', merge_install=False, symlink_install=False, test_result_base=None, continue_on_error=False, executor='parallel', parallel_workers=6, event_handlers=None, ignore_user_meta=False, metas=['./colcon.meta'], base_paths=['.'], packages_ignore=None, packages_ignore_regex=None, paths=None, packages_up_to=None, packages_up_to_regex=None, packages_above=None, packages_above_and_dependencies=None, packages_above_depth=None, packages_select_by_dep=None, packages_skip_by_dep=None, packages_skip_up_to=None, packages_select_build_failed=False, packages_skip_build_finished=False, packages_select_test_failures=False, packages_skip_test_passed=False, packages_select=None, packages_skip=None, packages_select_regex=None, packages_skip_regex=None, packages_start=None, packages_end=None, allow_overriding=[], cmake_args=None, cmake_target=None, cmake_target_skip_unavailable=False, cmake_clean_cache=False, cmake_clean_first=False, cmake_force_configure=False, ament_cmake_args=None, catkin_cmake_args=None, catkin_skip_building_tests=False, mixin_files=None, mixin=None, verb_parser=<colcon_mixin.mixin.mixin_argument.MixinArgumentDecorator object at 0x74ac5c289120>, verb_extension=<colcon_core.verb.build.BuildVerb object at 0x74ac5c288c40>, main=<bound method BuildVerb.main of <colcon_core.verb.build.BuildVerb object at 0x74ac5c288c40>>, mixin_verb=('build',))
[4.851s] Level 1:colcon.colcon_core.package_discovery:discover_packages(colcon_meta) check parameters
[4.851s] Level 1:colcon.colcon_core.package_discovery:discover_packages(recursive) check parameters
[4.851s] Level 1:colcon.colcon_core.package_discovery:discover_packages(ignore) check parameters
[4.851s] Level 1:colcon.colcon_core.package_discovery:discover_packages(path) check parameters
[4.851s] Level 1:colcon.colcon_core.package_discovery:discover_packages(colcon_meta) discover
[4.851s] Level 1:colcon.colcon_core.package_discovery:discover_packages(recursive) discover
[4.851s] INFO:colcon.colcon_core.package_discovery:Crawling recursively for packages in '/home/song/rb10_Proximity/src/self_detection_raw'
[4.852s] Level 1:colcon.colcon_core.package_identification:_identify(.) by extensions ['ignore', 'ignore_ament_install']
[4.852s] Level 1:colcon.colcon_core.package_identification:_identify(.) by extension 'ignore'
[4.852s] Level 1:colcon.colcon_core.package_identification:_identify(.) by extension 'ignore_ament_install'
[4.852s] Level 1:colcon.colcon_core.package_identification:_identify(.) by extensions ['colcon_pkg']
[4.852s] Level 1:colcon.colcon_core.package_identification:_identify(.) by extension 'colcon_pkg'
[4.852s] Level 1:colcon.colcon_core.package_identification:_identify(.) by extensions ['colcon_meta']
[4.852s] Level 1:colcon.colcon_core.package_identification:_identify(.) by extension 'colcon_meta'
[4.852s] Level 1:colcon.colcon_core.package_identification:_identify(.) by extensions ['ros']
[4.852s] Level 1:colcon.colcon_core.package_identification:_identify(.) by extension 'ros'
[4.928s] DEBUG:colcon.colcon_core.package_identification:Package '.' with type 'ros.ament_python' and name 'self_detection_raw'
[4.928s] Level 1:colcon.colcon_core.package_discovery:discover_packages(recursive) using defaults
[4.929s] Level 1:colcon.colcon_core.package_discovery:discover_packages(ignore) discover
[4.929s] Level 1:colcon.colcon_core.package_discovery:discover_packages(ignore) using defaults
[4.929s] Level 1:colcon.colcon_core.package_discovery:discover_packages(path) discover
[4.929s] Level 1:colcon.colcon_core.package_discovery:discover_packages(path) using defaults
[5.022s] Level 1:colcon.colcon_core.package_discovery:discover_packages(prefix_path) check parameters
[5.022s] Level 1:colcon.colcon_core.package_discovery:discover_packages(prefix_path) discover
[5.102s] DEBUG:colcon.colcon_installed_package_information.package_discovery:Found 1 installed packages in /home/song/rb10_Proximity/src/self_detection_raw/install
[5.102s] DEBUG:colcon.colcon_installed_package_information.package_discovery:Found 9 installed packages in /home/song/ros2_ws/install
[5.104s] DEBUG:colcon.colcon_installed_package_information.package_discovery:Found 391 installed packages in /opt/ros/humble
[5.106s] Level 1:colcon.colcon_core.package_discovery:discover_packages(prefix_path) using defaults
[8.156s] Level 5:colcon.colcon_core.verb:set package 'self_detection_raw' build argument 'cmake_args' from command line to 'None'
[8.156s] Level 5:colcon.colcon_core.verb:set package 'self_detection_raw' build argument 'cmake_target' from command line to 'None'
[8.156s] Level 5:colcon.colcon_core.verb:set package 'self_detection_raw' build argument 'cmake_target_skip_unavailable' from command line to 'False'
[8.156s] Level 5:colcon.colcon_core.verb:set package 'self_detection_raw' build argument 'cmake_clean_cache' from command line to 'False'
[8.156s] Level 5:colcon.colcon_core.verb:set package 'self_detection_raw' build argument 'cmake_clean_first' from command line to 'False'
[8.156s] Level 5:colcon.colcon_core.verb:set package 'self_detection_raw' build argument 'cmake_force_configure' from command line to 'False'
[8.156s] Level 5:colcon.colcon_core.verb:set package 'self_detection_raw' build argument 'ament_cmake_args' from command line to 'None'
[8.156s] Level 5:colcon.colcon_core.verb:set package 'self_detection_raw' build argument 'catkin_cmake_args' from command line to 'None'
[8.156s] Level 5:colcon.colcon_core.verb:set package 'self_detection_raw' build argument 'catkin_skip_building_tests' from command line to 'False'
[8.156s] DEBUG:colcon.colcon_core.verb:Building package 'self_detection_raw' with the following arguments: {'ament_cmake_args': None, 'build_base': '/home/song/rb10_Proximity/src/self_detection_raw/build/self_detection_raw', 'catkin_cmake_args': None, 'catkin_skip_building_tests': False, 'cmake_args': None, 'cmake_clean_cache': False, 'cmake_clean_first': False, 'cmake_force_configure': False, 'cmake_target': None, 'cmake_target_skip_unavailable': False, 'install_base': '/home/song/rb10_Proximity/src/self_detection_raw/install/self_detection_raw', 'merge_install': False, 'path': '/home/song/rb10_Proximity/src/self_detection_raw', 'symlink_install': False, 'test_result_base': None}
[8.156s] INFO:colcon.colcon_core.executor:Executing jobs using 'parallel' executor
[8.157s] DEBUG:colcon.colcon_parallel_executor.executor.parallel:run_until_complete
[8.158s] INFO:colcon.colcon_ros.task.ament_python.build:Building ROS package in '/home/song/rb10_Proximity/src/self_detection_raw' with build type 'ament_python'
[8.158s] Level 1:colcon.colcon_core.shell:create_environment_hook('self_detection_raw', 'ament_prefix_path')
[8.227s] INFO:colcon.colcon_core.plugin_system:Skipping extension 'colcon_core.shell.bat': Not used on non-Windows systems
[8.227s] INFO:colcon.colcon_core.shell:Creating environment hook '/home/song/rb10_Proximity/src/self_detection_raw/install/self_detection_raw/share/self_detection_raw/hook/ament_prefix_path.ps1'
[8.236s] INFO:colcon.colcon_core.shell:Creating environment descriptor '/home/song/rb10_Proximity/src/self_detection_raw/install/self_detection_raw/share/self_detection_raw/hook/ament_prefix_path.dsv'
[8.245s] INFO:colcon.colcon_core.shell:Creating environment hook '/home/song/rb10_Proximity/src/self_detection_raw/install/self_detection_raw/share/self_detection_raw/hook/ament_prefix_path.sh'
[8.254s] INFO:colcon.colcon_core.shell:Skip shell extension 'powershell' for command environment: Not usable outside of PowerShell
[8.254s] DEBUG:colcon.colcon_core.shell:Skip shell extension 'dsv' for command environment
[8.591s] INFO:colcon.colcon_core.task.python.build:Building Python package in '/home/song/rb10_Proximity/src/self_detection_raw'
[8.591s] INFO:colcon.colcon_core.shell:Skip shell extension 'powershell' for command environment: Not usable outside of PowerShell
[8.591s] DEBUG:colcon.colcon_core.shell:Skip shell extension 'dsv' for command environment
[9.444s] DEBUG:colcon.colcon_core.event_handler.log_command:Invoking command in '/home/song/rb10_Proximity/src/self_detection_raw': PYTHONPATH=/home/song/rb10_Proximity/src/self_detection_raw/build/self_detection_raw/prefix_override:/usr/lib/python3/dist-packages/colcon_core/task/python/colcon_distutils_commands:/home/song/rb10_Proximity/src/self_detection_raw/install/self_detection_raw/lib/python3.10/site-packages:${PYTHONPATH} /usr/bin/python3 -W ignore:setup.py install is deprecated -W ignore:easy_install command is deprecated setup.py egg_info --egg-base build/self_detection_raw build --build-base /home/song/rb10_Proximity/src/self_detection_raw/build/self_detection_raw/build install --record /home/song/rb10_Proximity/src/self_detection_raw/build/self_detection_raw/install.log --single-version-externally-managed install_data
[9.817s] DEBUG:colcon.colcon_core.event_handler.log_command:Invoked command in '/home/song/rb10_Proximity/src/self_detection_raw' returned '0': PYTHONPATH=/home/song/rb10_Proximity/src/self_detection_raw/build/self_detection_raw/prefix_override:/usr/lib/python3/dist-packages/colcon_core/task/python/colcon_distutils_commands:/home/song/rb10_Proximity/src/self_detection_raw/install/self_detection_raw/lib/python3.10/site-packages:${PYTHONPATH} /usr/bin/python3 -W ignore:setup.py install is deprecated -W ignore:easy_install command is deprecated setup.py egg_info --egg-base build/self_detection_raw build --build-base /home/song/rb10_Proximity/src/self_detection_raw/build/self_detection_raw/build install --record /home/song/rb10_Proximity/src/self_detection_raw/build/self_detection_raw/install.log --single-version-externally-managed install_data
[9.853s] Level 1:colcon.colcon_core.environment:checking '/home/song/rb10_Proximity/src/self_detection_raw/install/self_detection_raw' for CMake module files
[9.854s] Level 1:colcon.colcon_core.environment:checking '/home/song/rb10_Proximity/src/self_detection_raw/install/self_detection_raw' for CMake config files
[9.855s] Level 1:colcon.colcon_core.environment:checking '/home/song/rb10_Proximity/src/self_detection_raw/install/self_detection_raw/lib'
[9.855s] Level 1:colcon.colcon_core.environment:checking '/home/song/rb10_Proximity/src/self_detection_raw/install/self_detection_raw/bin'
[9.855s] Level 1:colcon.colcon_core.shell:create_environment_hook('self_detection_raw', 'path')
[9.855s] INFO:colcon.colcon_core.shell:Creating environment hook '/home/song/rb10_Proximity/src/self_detection_raw/install/self_detection_raw/share/self_detection_raw/hook/path.ps1'
[9.856s] INFO:colcon.colcon_core.shell:Creating environment descriptor '/home/song/rb10_Proximity/src/self_detection_raw/install/self_detection_raw/share/self_detection_raw/hook/path.dsv'
[9.856s] INFO:colcon.colcon_core.shell:Creating environment hook '/home/song/rb10_Proximity/src/self_detection_raw/install/self_detection_raw/share/self_detection_raw/hook/path.sh'
[9.856s] Level 1:colcon.colcon_core.environment:checking '/home/song/rb10_Proximity/src/self_detection_raw/install/self_detection_raw/lib/pkgconfig/self_detection_raw.pc'
[9.857s] Level 1:colcon.colcon_core.environment:checking '/home/song/rb10_Proximity/src/self_detection_raw/install/self_detection_raw/lib/python3.10/site-packages'
[9.857s] Level 1:colcon.colcon_core.shell:create_environment_hook('self_detection_raw', 'pythonpath')
[9.857s] INFO:colcon.colcon_core.shell:Creating environment hook '/home/song/rb10_Proximity/src/self_detection_raw/install/self_detection_raw/share/self_detection_raw/hook/pythonpath.ps1'
[9.857s] INFO:colcon.colcon_core.shell:Creating environment descriptor '/home/song/rb10_Proximity/src/self_detection_raw/install/self_detection_raw/share/self_detection_raw/hook/pythonpath.dsv'
[9.857s] INFO:colcon.colcon_core.shell:Creating environment hook '/home/song/rb10_Proximity/src/self_detection_raw/install/self_detection_raw/share/self_detection_raw/hook/pythonpath.sh'
[9.858s] Level 1:colcon.colcon_core.environment:checking '/home/song/rb10_Proximity/src/self_detection_raw/install/self_detection_raw/bin'
[9.858s] Level 1:colcon.colcon_core.shell:create_environment_hook('self_detection_raw', 'pythonscriptspath')
[9.858s] INFO:colcon.colcon_core.shell:Creating environment hook '/home/song/rb10_Proximity/src/self_detection_raw/install/self_detection_raw/share/self_detection_raw/hook/pythonscriptspath.ps1'
[9.859s] INFO:colcon.colcon_core.shell:Creating environment descriptor '/home/song/rb10_Proximity/src/self_detection_raw/install/self_detection_raw/share/self_detection_raw/hook/pythonscriptspath.dsv'
[9.859s] INFO:colcon.colcon_core.shell:Creating environment hook '/home/song/rb10_Proximity/src/self_detection_raw/install/self_detection_raw/share/self_detection_raw/hook/pythonscriptspath.sh'
[9.859s] Level 1:colcon.colcon_core.environment:create_environment_scripts_only(self_detection_raw)
[9.860s] INFO:colcon.colcon_core.shell:Creating package script '/home/song/rb10_Proximity/src/self_detection_raw/install/self_detection_raw/share/self_detection_raw/package.ps1'
[9.870s] INFO:colcon.colcon_core.shell:Creating package descriptor '/home/song/rb10_Proximity/src/self_detection_raw/install/self_detection_raw/share/self_detection_raw/package.dsv'
[9.879s] INFO:colcon.colcon_core.shell:Creating package script '/home/song/rb10_Proximity/src/self_detection_raw/install/self_detection_raw/share/self_detection_raw/package.sh'
[9.880s] INFO:colcon.colcon_core.shell:Creating package script '/home/song/rb10_Proximity/src/self_detection_raw/install/self_detection_raw/share/self_detection_raw/package.bash'
[9.891s] INFO:colcon.colcon_core.shell:Creating package script '/home/song/rb10_Proximity/src/self_detection_raw/install/self_detection_raw/share/self_detection_raw/package.zsh'
[9.893s] Level 1:colcon.colcon_core.environment:create_file_with_runtime_dependencies(/home/song/rb10_Proximity/src/self_detection_raw/install/self_detection_raw/share/colcon-core/packages/self_detection_raw)
[9.893s] DEBUG:colcon.colcon_parallel_executor.executor.parallel:closing loop
[9.894s] DEBUG:colcon.colcon_parallel_executor.executor.parallel:loop closed
[9.894s] DEBUG:colcon.colcon_parallel_executor.executor.parallel:run_until_complete finished with '0'
[9.894s] DEBUG:colcon.colcon_core.event_reactor:joining thread
[9.899s] INFO:colcon.colcon_core.plugin_system:Skipping extension 'colcon_notification.desktop_notification.terminal_notifier': Not used on non-Darwin systems
[9.899s] INFO:colcon.colcon_core.plugin_system:Skipping extension 'colcon_notification.desktop_notification.win32': Not used on non-Windows systems
[9.899s] INFO:colcon.colcon_notification.desktop_notification:Sending desktop notification using 'notify2'
[9.913s] DEBUG:colcon.colcon_core.event_reactor:joined thread
[9.913s] INFO:colcon.colcon_core.shell:Creating prefix script '/home/song/rb10_Proximity/src/self_detection_raw/install/local_setup.ps1'
[9.914s] INFO:colcon.colcon_core.shell:Creating prefix util module '/home/song/rb10_Proximity/src/self_detection_raw/install/_local_setup_util_ps1.py'
[9.918s] INFO:colcon.colcon_core.shell:Creating prefix chain script '/home/song/rb10_Proximity/src/self_detection_raw/install/setup.ps1'
[9.919s] INFO:colcon.colcon_core.shell:Creating prefix script '/home/song/rb10_Proximity/src/self_detection_raw/install/local_setup.sh'
[9.920s] INFO:colcon.colcon_core.shell:Creating prefix util module '/home/song/rb10_Proximity/src/self_detection_raw/install/_local_setup_util_sh.py'
[9.921s] INFO:colcon.colcon_core.shell:Creating prefix chain script '/home/song/rb10_Proximity/src/self_detection_raw/install/setup.sh'
[9.923s] INFO:colcon.colcon_core.shell:Creating prefix script '/home/song/rb10_Proximity/src/self_detection_raw/install/local_setup.bash'
[9.923s] INFO:colcon.colcon_core.shell:Creating prefix chain script '/home/song/rb10_Proximity/src/self_detection_raw/install/setup.bash'
[9.925s] INFO:colcon.colcon_core.shell:Creating prefix script '/home/song/rb10_Proximity/src/self_detection_raw/install/local_setup.zsh'
[9.925s] INFO:colcon.colcon_core.shell:Creating prefix chain script '/home/song/rb10_Proximity/src/self_detection_raw/install/setup.zsh'
