[0.107s] DEBUG:colcon:Command line arguments: ['/usr/bin/colcon', 'build']
[0.107s] DEBUG:colcon:Parsed command line arguments: Namespace(log_base=None, log_level=None, verb_name='build', build_base='build', install_base='install', merge_install=False, symlink_install=False, test_result_base=None, continue_on_error=False, executor='parallel', parallel_workers=16, event_handlers=None, ignore_user_meta=False, metas=['./colcon.meta'], base_paths=['.'], packages_ignore=None, packages_ignore_regex=None, paths=None, packages_up_to=None, packages_up_to_regex=None, packages_above=None, packages_above_and_dependencies=None, packages_above_depth=None, packages_select_by_dep=None, packages_skip_by_dep=None, packages_skip_up_to=None, packages_select_build_failed=False, packages_skip_build_finished=False, packages_select_test_failures=False, packages_skip_test_passed=False, packages_select=None, packages_skip=None, packages_select_regex=None, packages_skip_regex=None, packages_start=None, packages_end=None, allow_overriding=[], cmake_args=None, cmake_target=None, cmake_target_skip_unavailable=False, cmake_clean_cache=False, cmake_clean_first=False, cmake_force_configure=False, ament_cmake_args=None, catkin_cmake_args=None, catkin_skip_building_tests=False, verb_parser=<colcon_defaults.argument_parser.defaults.DefaultArgumentsDecorator object at 0x7b162f3a7d30>, verb_extension=<colcon_core.verb.build.BuildVerb object at 0x7b162f4d51b0>, main=<bound method BuildVerb.main of <colcon_core.verb.build.BuildVerb object at 0x7b162f4d51b0>>)
[0.302s] Level 1:colcon.colcon_core.package_discovery:discover_packages(colcon_meta) check parameters
[0.302s] Level 1:colcon.colcon_core.package_discovery:discover_packages(recursive) check parameters
[0.302s] Level 1:colcon.colcon_core.package_discovery:discover_packages(ignore) check parameters
[0.302s] Level 1:colcon.colcon_core.package_discovery:discover_packages(path) check parameters
[0.302s] Level 1:colcon.colcon_core.package_discovery:discover_packages(colcon_meta) discover
[0.302s] Level 1:colcon.colcon_core.package_discovery:discover_packages(recursive) discover
[0.302s] INFO:colcon.colcon_core.package_discovery:Crawling recursively for packages in '/home/son_rb/rb_ws/src/self_detection_raw'
[0.302s] Level 1:colcon.colcon_core.package_identification:_identify(.) by extensions ['ignore', 'ignore_ament_install']
[0.303s] Level 1:colcon.colcon_core.package_identification:_identify(.) by extension 'ignore'
[0.303s] Level 1:colcon.colcon_core.package_identification:_identify(.) by extension 'ignore_ament_install'
[0.303s] Level 1:colcon.colcon_core.package_identification:_identify(.) by extensions ['colcon_pkg']
[0.303s] Level 1:colcon.colcon_core.package_identification:_identify(.) by extension 'colcon_pkg'
[0.303s] Level 1:colcon.colcon_core.package_identification:_identify(.) by extensions ['colcon_meta']
[0.303s] Level 1:colcon.colcon_core.package_identification:_identify(.) by extension 'colcon_meta'
[0.303s] Level 1:colcon.colcon_core.package_identification:_identify(.) by extensions ['ros']
[0.303s] Level 1:colcon.colcon_core.package_identification:_identify(.) by extension 'ros'
[0.311s] Level 1:colcon.colcon_core.package_identification:_identify(.) by extensions ['cmake', 'python']
[0.311s] Level 1:colcon.colcon_core.package_identification:_identify(.) by extension 'cmake'
[0.311s] Level 1:colcon.colcon_core.package_identification:_identify(.) by extension 'python'
[0.311s] Level 1:colcon.colcon_core.package_identification:_identify(.) by extensions ['python_setup_py']
[0.312s] Level 1:colcon.colcon_core.package_identification:_identify(.) by extension 'python_setup_py'
[0.510s] DEBUG:colcon.colcon_core.package_identification:Package '.' with type 'python' and name 'self_detection_raw'
[0.510s] Level 1:colcon.colcon_core.package_discovery:discover_packages(recursive) using defaults
[0.510s] Level 1:colcon.colcon_core.package_discovery:discover_packages(ignore) discover
[0.510s] Level 1:colcon.colcon_core.package_discovery:discover_packages(ignore) using defaults
[0.510s] Level 1:colcon.colcon_core.package_discovery:discover_packages(path) discover
[0.510s] Level 1:colcon.colcon_core.package_discovery:discover_packages(path) using defaults
[0.528s] Level 1:colcon.colcon_core.package_discovery:discover_packages(prefix_path) check parameters
[0.528s] Level 1:colcon.colcon_core.package_discovery:discover_packages(prefix_path) discover
[0.532s] DEBUG:colcon.colcon_installed_package_information.package_discovery:Found 272 installed packages in /opt/ros/humble
[0.539s] Level 1:colcon.colcon_core.package_discovery:discover_packages(prefix_path) using defaults
[0.568s] Level 5:colcon.colcon_core.verb:set package 'self_detection_raw' build argument 'cmake_args' from command line to 'None'
[0.568s] Level 5:colcon.colcon_core.verb:set package 'self_detection_raw' build argument 'cmake_target' from command line to 'None'
[0.568s] Level 5:colcon.colcon_core.verb:set package 'self_detection_raw' build argument 'cmake_target_skip_unavailable' from command line to 'False'
[0.568s] Level 5:colcon.colcon_core.verb:set package 'self_detection_raw' build argument 'cmake_clean_cache' from command line to 'False'
[0.568s] Level 5:colcon.colcon_core.verb:set package 'self_detection_raw' build argument 'cmake_clean_first' from command line to 'False'
[0.568s] Level 5:colcon.colcon_core.verb:set package 'self_detection_raw' build argument 'cmake_force_configure' from command line to 'False'
[0.568s] Level 5:colcon.colcon_core.verb:set package 'self_detection_raw' build argument 'ament_cmake_args' from command line to 'None'
[0.568s] Level 5:colcon.colcon_core.verb:set package 'self_detection_raw' build argument 'catkin_cmake_args' from command line to 'None'
[0.568s] Level 5:colcon.colcon_core.verb:set package 'self_detection_raw' build argument 'catkin_skip_building_tests' from command line to 'False'
[0.568s] DEBUG:colcon.colcon_core.verb:Building package 'self_detection_raw' with the following arguments: {'ament_cmake_args': None, 'build_base': '/home/son_rb/rb_ws/src/self_detection_raw/build/self_detection_raw', 'catkin_cmake_args': None, 'catkin_skip_building_tests': False, 'cmake_args': None, 'cmake_clean_cache': False, 'cmake_clean_first': False, 'cmake_force_configure': False, 'cmake_target': None, 'cmake_target_skip_unavailable': False, 'install_base': '/home/son_rb/rb_ws/src/self_detection_raw/install/self_detection_raw', 'merge_install': False, 'path': '/home/son_rb/rb_ws/src/self_detection_raw', 'symlink_install': False, 'test_result_base': None}
[0.568s] INFO:colcon.colcon_core.executor:Executing jobs using 'parallel' executor
[0.569s] DEBUG:colcon.colcon_parallel_executor.executor.parallel:run_until_complete
[0.569s] INFO:colcon.colcon_core.task.python.build:Building Python package in '/home/son_rb/rb_ws/src/self_detection_raw'
[0.572s] INFO:colcon.colcon_core.plugin_system:Skipping extension 'colcon_core.shell.bat': Not used on non-Windows systems
[0.572s] INFO:colcon.colcon_core.shell:Skip shell extension 'powershell' for command environment: Not usable outside of PowerShell
[0.572s] DEBUG:colcon.colcon_core.shell:Skip shell extension 'dsv' for command environment
[1.022s] DEBUG:colcon.colcon_core.event_handler.log_command:Invoking command in '/home/son_rb/rb_ws/src/self_detection_raw': PS1=(venv1) \[\e]0;\u@\h: \w\a\]${debian_chroot:+($debian_chroot)}\[\033[01;32m\]\u@\h\[\033[00m\]:\[\033[01;34m\]\w\[\033[00m\]\$ PYTHONPATH=/home/son_rb/rb_ws/src/self_detection_raw/build/self_detection_raw/prefix_override:/usr/lib/python3/dist-packages/colcon_core/task/python/colcon_distutils_commands:/home/son_rb/rb_ws/src/self_detection_raw/install/self_detection_raw/lib/python3.10/site-packages:${PYTHONPATH} VIRTUAL_ENV_PROMPT=(venv1) /usr/bin/python3 -W ignore:setup.py install is deprecated -W ignore:easy_install command is deprecated setup.py egg_info --egg-base build/self_detection_raw build --build-base /home/son_rb/rb_ws/src/self_detection_raw/build/self_detection_raw/build install --record /home/son_rb/rb_ws/src/self_detection_raw/build/self_detection_raw/install.log --single-version-externally-managed
[1.243s] DEBUG:colcon.colcon_core.event_handler.log_command:Invoked command in '/home/son_rb/rb_ws/src/self_detection_raw' returned '0': PS1=(venv1) \[\e]0;\u@\h: \w\a\]${debian_chroot:+($debian_chroot)}\[\033[01;32m\]\u@\h\[\033[00m\]:\[\033[01;34m\]\w\[\033[00m\]\$ PYTHONPATH=/home/son_rb/rb_ws/src/self_detection_raw/build/self_detection_raw/prefix_override:/usr/lib/python3/dist-packages/colcon_core/task/python/colcon_distutils_commands:/home/son_rb/rb_ws/src/self_detection_raw/install/self_detection_raw/lib/python3.10/site-packages:${PYTHONPATH} VIRTUAL_ENV_PROMPT=(venv1) /usr/bin/python3 -W ignore:setup.py install is deprecated -W ignore:easy_install command is deprecated setup.py egg_info --egg-base build/self_detection_raw build --build-base /home/son_rb/rb_ws/src/self_detection_raw/build/self_detection_raw/build install --record /home/son_rb/rb_ws/src/self_detection_raw/build/self_detection_raw/install.log --single-version-externally-managed
[1.248s] Level 1:colcon.colcon_core.environment:checking '/home/son_rb/rb_ws/src/self_detection_raw/install/self_detection_raw' for CMake module files
[1.248s] Level 1:colcon.colcon_core.environment:checking '/home/son_rb/rb_ws/src/self_detection_raw/install/self_detection_raw' for CMake config files
[1.249s] Level 1:colcon.colcon_core.environment:checking '/home/son_rb/rb_ws/src/self_detection_raw/install/self_detection_raw/lib'
[1.249s] Level 1:colcon.colcon_core.environment:checking '/home/son_rb/rb_ws/src/self_detection_raw/install/self_detection_raw/bin'
[1.249s] Level 1:colcon.colcon_core.shell:create_environment_hook('self_detection_raw', 'path')
[1.249s] INFO:colcon.colcon_core.shell:Creating environment hook '/home/son_rb/rb_ws/src/self_detection_raw/install/self_detection_raw/share/self_detection_raw/hook/path.ps1'
[1.250s] INFO:colcon.colcon_core.shell:Creating environment descriptor '/home/son_rb/rb_ws/src/self_detection_raw/install/self_detection_raw/share/self_detection_raw/hook/path.dsv'
[1.250s] INFO:colcon.colcon_core.shell:Creating environment hook '/home/son_rb/rb_ws/src/self_detection_raw/install/self_detection_raw/share/self_detection_raw/hook/path.sh'
[1.251s] Level 1:colcon.colcon_core.environment:checking '/home/son_rb/rb_ws/src/self_detection_raw/install/self_detection_raw/lib/pkgconfig/self_detection_raw.pc'
[1.251s] Level 1:colcon.colcon_core.environment:checking '/home/son_rb/rb_ws/src/self_detection_raw/install/self_detection_raw/lib/python3.10/site-packages'
[1.251s] Level 1:colcon.colcon_core.shell:create_environment_hook('self_detection_raw', 'pythonpath')
[1.251s] INFO:colcon.colcon_core.shell:Creating environment hook '/home/son_rb/rb_ws/src/self_detection_raw/install/self_detection_raw/share/self_detection_raw/hook/pythonpath.ps1'
[1.252s] INFO:colcon.colcon_core.shell:Creating environment descriptor '/home/son_rb/rb_ws/src/self_detection_raw/install/self_detection_raw/share/self_detection_raw/hook/pythonpath.dsv'
[1.252s] INFO:colcon.colcon_core.shell:Creating environment hook '/home/son_rb/rb_ws/src/self_detection_raw/install/self_detection_raw/share/self_detection_raw/hook/pythonpath.sh'
[1.252s] Level 1:colcon.colcon_core.environment:checking '/home/son_rb/rb_ws/src/self_detection_raw/install/self_detection_raw/bin'
[1.252s] Level 1:colcon.colcon_core.shell:create_environment_hook('self_detection_raw', 'pythonscriptspath')
[1.252s] INFO:colcon.colcon_core.shell:Creating environment hook '/home/son_rb/rb_ws/src/self_detection_raw/install/self_detection_raw/share/self_detection_raw/hook/pythonscriptspath.ps1'
[1.253s] INFO:colcon.colcon_core.shell:Creating environment descriptor '/home/son_rb/rb_ws/src/self_detection_raw/install/self_detection_raw/share/self_detection_raw/hook/pythonscriptspath.dsv'
[1.253s] INFO:colcon.colcon_core.shell:Creating environment hook '/home/son_rb/rb_ws/src/self_detection_raw/install/self_detection_raw/share/self_detection_raw/hook/pythonscriptspath.sh'
[1.253s] Level 1:colcon.colcon_core.environment:create_environment_scripts_only(self_detection_raw)
[1.253s] INFO:colcon.colcon_core.shell:Creating package script '/home/son_rb/rb_ws/src/self_detection_raw/install/self_detection_raw/share/self_detection_raw/package.ps1'
[1.254s] INFO:colcon.colcon_core.shell:Creating package descriptor '/home/son_rb/rb_ws/src/self_detection_raw/install/self_detection_raw/share/self_detection_raw/package.dsv'
[1.255s] INFO:colcon.colcon_core.shell:Creating package script '/home/son_rb/rb_ws/src/self_detection_raw/install/self_detection_raw/share/self_detection_raw/package.sh'
[1.255s] INFO:colcon.colcon_core.shell:Creating package script '/home/son_rb/rb_ws/src/self_detection_raw/install/self_detection_raw/share/self_detection_raw/package.bash'
[1.256s] INFO:colcon.colcon_core.shell:Creating package script '/home/son_rb/rb_ws/src/self_detection_raw/install/self_detection_raw/share/self_detection_raw/package.zsh'
[1.257s] Level 1:colcon.colcon_core.environment:create_file_with_runtime_dependencies(/home/son_rb/rb_ws/src/self_detection_raw/install/self_detection_raw/share/colcon-core/packages/self_detection_raw)
[1.257s] DEBUG:colcon.colcon_parallel_executor.executor.parallel:closing loop
[1.257s] DEBUG:colcon.colcon_parallel_executor.executor.parallel:loop closed
[1.257s] DEBUG:colcon.colcon_parallel_executor.executor.parallel:run_until_complete finished with '0'
[1.257s] DEBUG:colcon.colcon_core.event_reactor:joining thread
[1.262s] INFO:colcon.colcon_core.plugin_system:Skipping extension 'colcon_notification.desktop_notification.terminal_notifier': Not used on non-Darwin systems
[1.262s] INFO:colcon.colcon_core.plugin_system:Skipping extension 'colcon_notification.desktop_notification.win32': Not used on non-Windows systems
[1.262s] INFO:colcon.colcon_notification.desktop_notification:Sending desktop notification using 'notify2'
[1.269s] DEBUG:colcon.colcon_core.event_reactor:joined thread
[1.270s] INFO:colcon.colcon_core.shell:Creating prefix script '/home/son_rb/rb_ws/src/self_detection_raw/install/local_setup.ps1'
[1.271s] INFO:colcon.colcon_core.shell:Creating prefix util module '/home/son_rb/rb_ws/src/self_detection_raw/install/_local_setup_util_ps1.py'
[1.272s] INFO:colcon.colcon_core.shell:Creating prefix chain script '/home/son_rb/rb_ws/src/self_detection_raw/install/setup.ps1'
[1.273s] INFO:colcon.colcon_core.shell:Creating prefix script '/home/son_rb/rb_ws/src/self_detection_raw/install/local_setup.sh'
[1.273s] INFO:colcon.colcon_core.shell:Creating prefix util module '/home/son_rb/rb_ws/src/self_detection_raw/install/_local_setup_util_sh.py'
[1.274s] INFO:colcon.colcon_core.shell:Creating prefix chain script '/home/son_rb/rb_ws/src/self_detection_raw/install/setup.sh'
[1.274s] INFO:colcon.colcon_core.shell:Creating prefix script '/home/son_rb/rb_ws/src/self_detection_raw/install/local_setup.bash'
[1.275s] INFO:colcon.colcon_core.shell:Creating prefix chain script '/home/son_rb/rb_ws/src/self_detection_raw/install/setup.bash'
[1.276s] INFO:colcon.colcon_core.shell:Creating prefix script '/home/son_rb/rb_ws/src/self_detection_raw/install/local_setup.zsh'
[1.276s] INFO:colcon.colcon_core.shell:Creating prefix chain script '/home/son_rb/rb_ws/src/self_detection_raw/install/setup.zsh'
