[0.930s] Invoking command in '/home/song/rb10_Proximity/src/self_detection_raw': PYTHONPATH=/home/song/rb10_Proximity/src/self_detection_raw/build/self_detection_raw/prefix_override:/usr/lib/python3/dist-packages/colcon_core/task/python/colcon_distutils_commands:/home/song/rb10_Proximity/src/self_detection_raw/install/self_detection_raw/lib/python3.10/site-packages:${PYTHONPATH} /usr/bin/python3 -W ignore:setup.py install is deprecated -W ignore:easy_install command is deprecated setup.py egg_info --egg-base build/self_detection_raw build --build-base /home/song/rb10_Proximity/src/self_detection_raw/build/self_detection_raw/build install --record /home/song/rb10_Proximity/src/self_detection_raw/build/self_detection_raw/install.log --single-version-externally-managed install_data
[1.215s] running egg_info
[1.216s] writing build/self_detection_raw/self_detection_raw.egg-info/PKG-INFO
[1.216s] writing dependency_links to build/self_detection_raw/self_detection_raw.egg-info/dependency_links.txt
[1.216s] writing entry points to build/self_detection_raw/self_detection_raw.egg-info/entry_points.txt
[1.216s] writing requirements to build/self_detection_raw/self_detection_raw.egg-info/requires.txt
[1.216s] writing top-level names to build/self_detection_raw/self_detection_raw.egg-info/top_level.txt
[1.218s] reading manifest file 'build/self_detection_raw/self_detection_raw.egg-info/SOURCES.txt'
[1.275s] writing manifest file 'build/self_detection_raw/self_detection_raw.egg-info/SOURCES.txt'
[1.275s] running build
[1.275s] running build_py
[1.276s] copying self_detection_raw/data/loader_v.py -> /home/song/rb10_Proximity/src/self_detection_raw/build/self_detection_raw/build/lib/self_detection_raw/data
[1.276s] copying self_detection_raw/data/loader.py -> /home/song/rb10_Proximity/src/self_detection_raw/build/self_detection_raw/build/lib/self_detection_raw/data
[1.276s] copying self_detection_raw/infer/realtime_infer_delta.py -> /home/song/rb10_Proximity/src/self_detection_raw/build/self_detection_raw/build/lib/self_detection_raw/infer
[1.277s] running install
[1.277s] running install_lib
[1.279s] copying /home/song/rb10_Proximity/src/self_detection_raw/build/self_detection_raw/build/lib/self_detection_raw/data/loader_v.py -> /home/song/rb10_Proximity/src/self_detection_raw/install/self_detection_raw/lib/python3.10/site-packages/self_detection_raw/data
[1.279s] copying /home/song/rb10_Proximity/src/self_detection_raw/build/self_detection_raw/build/lib/self_detection_raw/data/loader.py -> /home/song/rb10_Proximity/src/self_detection_raw/install/self_detection_raw/lib/python3.10/site-packages/self_detection_raw/data
[1.279s] copying /home/song/rb10_Proximity/src/self_detection_raw/build/self_detection_raw/build/lib/self_detection_raw/infer/realtime_infer_delta.py -> /home/song/rb10_Proximity/src/self_detection_raw/install/self_detection_raw/lib/python3.10/site-packages/self_detection_raw/infer
[1.280s] byte-compiling /home/song/rb10_Proximity/src/self_detection_raw/install/self_detection_raw/lib/python3.10/site-packages/self_detection_raw/data/loader_v.py to loader_v.cpython-310.pyc
[1.281s] byte-compiling /home/song/rb10_Proximity/src/self_detection_raw/install/self_detection_raw/lib/python3.10/site-packages/self_detection_raw/data/loader.py to loader.cpython-310.pyc
[1.282s] byte-compiling /home/song/rb10_Proximity/src/self_detection_raw/install/self_detection_raw/lib/python3.10/site-packages/self_detection_raw/infer/realtime_infer_delta.py to realtime_infer_delta.cpython-310.pyc
[1.285s] running install_data
[1.285s] copying launch/realtime_infer_delta.launch.py -> /home/song/rb10_Proximity/src/self_detection_raw/install/self_detection_raw/share/self_detection_raw/launch
[1.285s] running install_egg_info
[1.287s] removing '/home/song/rb10_Proximity/src/self_detection_raw/install/self_detection_raw/lib/python3.10/site-packages/self_detection_raw-0.1.0-py3.10.egg-info' (and everything under it)
[1.287s] Copying build/self_detection_raw/self_detection_raw.egg-info to /home/song/rb10_Proximity/src/self_detection_raw/install/self_detection_raw/lib/python3.10/site-packages/self_detection_raw-0.1.0-py3.10.egg-info
[1.301s] running install_scripts
[1.321s] Installing realtime_infer script to /home/song/rb10_Proximity/src/self_detection_raw/install/self_detection_raw/bin
[1.321s] Installing realtime_infer_tcn script to /home/song/rb10_Proximity/src/self_detection_raw/install/self_detection_raw/bin
[1.321s] Installing realtime_infer_v4 script to /home/song/rb10_Proximity/src/self_detection_raw/install/self_detection_raw/bin
[1.321s] Installing self-detection-eval script to /home/song/rb10_Proximity/src/self_detection_raw/install/self_detection_raw/bin
[1.321s] Installing self-detection-infer script to /home/song/rb10_Proximity/src/self_detection_raw/install/self_detection_raw/bin
[1.321s] Installing self-detection-infer-tcn script to /home/song/rb10_Proximity/src/self_detection_raw/install/self_detection_raw/bin
[1.321s] Installing self-detection-train script to /home/song/rb10_Proximity/src/self_detection_raw/install/self_detection_raw/bin
[1.321s] Installing self-detection-train-tcn script to /home/song/rb10_Proximity/src/self_detection_raw/install/self_detection_raw/bin
[1.322s] writing list of installed files to '/home/song/rb10_Proximity/src/self_detection_raw/build/self_detection_raw/install.log'
[1.342s] Invoked command in '/home/song/rb10_Proximity/src/self_detection_raw' returned '0': PYTHONPATH=/home/song/rb10_Proximity/src/self_detection_raw/build/self_detection_raw/prefix_override:/usr/lib/python3/dist-packages/colcon_core/task/python/colcon_distutils_commands:/home/song/rb10_Proximity/src/self_detection_raw/install/self_detection_raw/lib/python3.10/site-packages:${PYTHONPATH} /usr/bin/python3 -W ignore:setup.py install is deprecated -W ignore:easy_install command is deprecated setup.py egg_info --egg-base build/self_detection_raw build --build-base /home/song/rb10_Proximity/src/self_detection_raw/build/self_detection_raw/build install --record /home/song/rb10_Proximity/src/self_detection_raw/build/self_detection_raw/install.log --single-version-externally-managed install_data
