[0.197s] DEBUG:colcon:Command line arguments: ['/usr/bin/colcon', 'build']
[0.197s] DEBUG:colcon:Parsed command line arguments: Namespace(log_base=None, log_level=None, verb_name='build', build_base='build', install_base='install', merge_install=False, symlink_install=False, test_result_base=None, continue_on_error=False, executor='parallel', parallel_workers=6, event_handlers=None, ignore_user_meta=False, metas=['./colcon.meta'], base_paths=['.'], packages_ignore=None, packages_ignore_regex=None, paths=None, packages_up_to=None, packages_up_to_regex=None, packages_above=None, packages_above_and_dependencies=None, packages_above_depth=None, packages_select_by_dep=None, packages_skip_by_dep=None, packages_skip_up_to=None, packages_select_build_failed=False, packages_skip_build_finished=False, packages_select_test_failures=False, packages_skip_test_passed=False, packages_select=None, packages_skip=None, packages_select_regex=None, packages_skip_regex=None, packages_start=None, packages_end=None, allow_overriding=[], cmake_args=None, cmake_target=None, cmake_target_skip_unavailable=False, cmake_clean_cache=False, cmake_clean_first=False, cmake_force_configure=False, ament_cmake_args=None, catkin_cmake_args=None, catkin_skip_building_tests=False, mixin_files=None, mixin=None, verb_parser=<colcon_mixin.mixin.mixin_argument.MixinArgumentDecorator object at 0x7eafbb486680>, verb_extension=<colcon_core.verb.build.BuildVerb object at 0x7eafbb4861a0>, main=<bound method BuildVerb.main of <colcon_core.verb.build.BuildVerb object at 0x7eafbb4861a0>>, mixin_verb=('build',))
[0.486s] Level 1:colcon.colcon_core.package_discovery:discover_packages(colcon_meta) check parameters
[0.486s] Level 1:colcon.colcon_core.package_discovery:discover_packages(recursive) check parameters
[0.486s] Level 1:colcon.colcon_core.package_discovery:discover_packages(ignore) check parameters
[0.486s] Level 1:colcon.colcon_core.package_discovery:discover_packages(path) check parameters
[0.486s] Level 1:colcon.colcon_core.package_discovery:discover_packages(colcon_meta) discover
[0.486s] Level 1:colcon.colcon_core.package_discovery:discover_packages(recursive) discover
[0.486s] INFO:colcon.colcon_core.package_discovery:Crawling recursively for packages in '/home/song/rb10_Proximity/src/self_detection_raw'
[0.486s] Level 1:colcon.colcon_core.package_identification:_identify(.) by extensions ['ignore', 'ignore_ament_install']
[0.486s] Level 1:colcon.colcon_core.package_identification:_identify(.) by extension 'ignore'
[0.486s] Level 1:colcon.colcon_core.package_identification:_identify(.) by extension 'ignore_ament_install'
[0.487s] Level 1:colcon.colcon_core.package_identification:_identify(.) by extensions ['colcon_pkg']
[0.487s] Level 1:colcon.colcon_core.package_identification:_identify(.) by extension 'colcon_pkg'
[0.487s] Level 1:colcon.colcon_core.package_identification:_identify(.) by extensions ['colcon_meta']
[0.487s] Level 1:colcon.colcon_core.package_identification:_identify(.) by extension 'colcon_meta'
[0.487s] Level 1:colcon.colcon_core.package_identification:_identify(.) by extensions ['ros']
[0.487s] Level 1:colcon.colcon_core.package_identification:_identify(.) by extension 'ros'
[0.519s] DEBUG:colcon.colcon_core.package_identification:Package '.' with type 'ros.ament_python' and name 'self_detection_raw'
[0.519s] Level 1:colcon.colcon_core.package_discovery:discover_packages(recursive) using defaults
[0.519s] Level 1:colcon.colcon_core.package_discovery:discover_packages(ignore) discover
[0.519s] Level 1:colcon.colcon_core.package_discovery:discover_packages(ignore) using defaults
[0.520s] Level 1:colcon.colcon_core.package_discovery:discover_packages(path) discover
[0.520s] Level 1:colcon.colcon_core.package_discovery:discover_packages(path) using defaults
[0.540s] Level 1:colcon.colcon_core.package_discovery:discover_packages(prefix_path) check parameters
[0.540s] Level 1:colcon.colcon_core.package_discovery:discover_packages(prefix_path) discover
[0.597s] DEBUG:colcon.colcon_installed_package_information.package_discovery:Found 1 installed packages in /home/song/rb10_Proximity/src/self_detection_raw/install
[0.598s] DEBUG:colcon.colcon_installed_package_information.package_discovery:Found 9 installed packages in /home/song/ros2_ws/install
[0.599s] DEBUG:colcon.colcon_installed_package_information.package_discovery:Found 23 installed packages in /home/song/install
[0.601s] DEBUG:colcon.colcon_installed_package_information.package_discovery:Found 391 installed packages in /opt/ros/humble
[0.603s] Level 1:colcon.colcon_core.package_discovery:discover_packages(prefix_path) using defaults
[0.743s] Level 5:colcon.colcon_core.verb:set package 'self_detection_raw' build argument 'cmake_args' from command line to 'None'
[0.743s] Level 5:colcon.colcon_core.verb:set package 'self_detection_raw' build argument 'cmake_target' from command line to 'None'
[0.743s] Level 5:colcon.colcon_core.verb:set package 'self_detection_raw' build argument 'cmake_target_skip_unavailable' from command line to 'False'
[0.743s] Level 5:colcon.colcon_core.verb:set package 'self_detection_raw' build argument 'cmake_clean_cache' from command line to 'False'
[0.743s] Level 5:colcon.colcon_core.verb:set package 'self_detection_raw' build argument 'cmake_clean_first' from command line to 'False'
[0.743s] Level 5:colcon.colcon_core.verb:set package 'self_detection_raw' build argument 'cmake_force_configure' from command line to 'False'
[0.743s] Level 5:colcon.colcon_core.verb:set package 'self_detection_raw' build argument 'ament_cmake_args' from command line to 'None'
[0.743s] Level 5:colcon.colcon_core.verb:set package 'self_detection_raw' build argument 'catkin_cmake_args' from command line to 'None'
[0.743s] Level 5:colcon.colcon_core.verb:set package 'self_detection_raw' build argument 'catkin_skip_building_tests' from command line to 'False'
[0.743s] DEBUG:colcon.colcon_core.verb:Building package 'self_detection_raw' with the following arguments: {'ament_cmake_args': None, 'build_base': '/home/song/rb10_Proximity/src/self_detection_raw/build/self_detection_raw', 'catkin_cmake_args': None, 'catkin_skip_building_tests': False, 'cmake_args': None, 'cmake_clean_cache': False, 'cmake_clean_first': False, 'cmake_force_configure': False, 'cmake_target': None, 'cmake_target_skip_unavailable': False, 'install_base': '/home/song/rb10_Proximity/src/self_detection_raw/install/self_detection_raw', 'merge_install': False, 'path': '/home/song/rb10_Proximity/src/self_detection_raw', 'symlink_install': False, 'test_result_base': None}
[0.743s] INFO:colcon.colcon_core.executor:Executing jobs using 'parallel' executor
[0.744s] DEBUG:colcon.colcon_parallel_executor.executor.parallel:run_until_complete
[0.744s] INFO:colcon.colcon_ros.task.ament_python.build:Building ROS package in '/home/song/rb10_Proximity/src/self_detection_raw' with build type 'ament_python'
[0.744s] Level 1:colcon.colcon_core.shell:create_environment_hook('self_detection_raw', 'ament_prefix_path')
[0.746s] INFO:colcon.colcon_core.plugin_system:Skipping extension 'colcon_core.shell.bat': Not used on non-Windows systems
[0.747s] INFO:colcon.colcon_core.shell:Creating environment hook '/home/song/rb10_Proximity/src/self_detection_raw/install/self_detection_raw/share/self_detection_raw/hook/ament_prefix_path.ps1'
[0.747s] INFO:colcon.colcon_core.shell:Creating environment descriptor '/home/song/rb10_Proximity/src/self_detection_raw/install/self_detection_raw/share/self_detection_raw/hook/ament_prefix_path.dsv'
[0.747s] INFO:colcon.colcon_core.shell:Creating environment hook '/home/song/rb10_Proximity/src/self_detection_raw/install/self_detection_raw/share/self_detection_raw/hook/ament_prefix_path.sh'
[0.748s] INFO:colcon.colcon_core.shell:Skip shell extension 'powershell' for command environment: Not usable outside of PowerShell
[0.748s] DEBUG:colcon.colcon_core.shell:Skip shell extension 'dsv' for command environment
[1.039s] INFO:colcon.colcon_core.task.python.build:Building Python package in '/home/song/rb10_Proximity/src/self_detection_raw'
[1.040s] INFO:colcon.colcon_core.shell:Skip shell extension 'powershell' for command environment: Not usable outside of PowerShell
[1.040s] DEBUG:colcon.colcon_core.shell:Skip shell extension 'dsv' for command environment
[1.425s] DEBUG:colcon.colcon_core.event_handler.log_command:Invoking command in '/home/song/rb10_Proximity/src/self_detection_raw': PYTHONPATH=/home/song/rb10_Proximity/src/self_detection_raw/build/self_detection_raw/prefix_override:/usr/lib/python3/dist-packages/colcon_core/task/python/colcon_distutils_commands:/home/song/rb10_Proximity/src/self_detection_raw/install/self_detection_raw/lib/python3.10/site-packages:${PYTHONPATH} /usr/bin/python3 -W ignore:setup.py install is deprecated -W ignore:easy_install command is deprecated setup.py egg_info --egg-base build/self_detection_raw build --build-base /home/song/rb10_Proximity/src/self_detection_raw/build/self_detection_raw/build install --record /home/song/rb10_Proximity/src/self_detection_raw/build/self_detection_raw/install.log --single-version-externally-managed install_data
[1.760s] DEBUG:colcon.colcon_core.event_handler.log_command:Invoked command in '/home/song/rb10_Proximity/src/self_detection_raw' returned '0': PYTHONPATH=/home/song/rb10_Proximity/src/self_detection_raw/build/self_detection_raw/prefix_override:/usr/lib/python3/dist-packages/colcon_core/task/python/colcon_distutils_commands:/home/song/rb10_Proximity/src/self_detection_raw/install/self_detection_raw/lib/python3.10/site-packages:${PYTHONPATH} /usr/bin/python3 -W ignore:setup.py install is deprecated -W ignore:easy_install command is deprecated setup.py egg_info --egg-base build/self_detection_raw build --build-base /home/song/rb10_Proximity/src/self_detection_raw/build/self_detection_raw/build install --record /home/song/rb10_Proximity/src/self_detection_raw/build/self_detection_raw/install.log --single-version-externally-managed install_data
[1.762s] Level 1:colcon.colcon_core.environment:checking '/home/song/rb10_Proximity/src/self_detection_raw/install/self_detection_raw' for CMake module files
[1.762s] Level 1:colcon.colcon_core.environment:checking '/home/song/rb10_Proximity/src/self_detection_raw/install/self_detection_raw' for CMake config files
[1.763s] Level 1:colcon.colcon_core.environment:checking '/home/song/rb10_Proximity/src/self_detection_raw/install/self_detection_raw/lib'
[1.763s] Level 1:colcon.colcon_core.environment:checking '/home/song/rb10_Proximity/src/self_detection_raw/install/self_detection_raw/bin'
[1.763s] Level 1:colcon.colcon_core.shell:create_environment_hook('self_detection_raw', 'path')
[1.763s] INFO:colcon.colcon_core.shell:Creating environment hook '/home/song/rb10_Proximity/src/self_detection_raw/install/self_detection_raw/share/self_detection_raw/hook/path.ps1'
[1.764s] INFO:colcon.colcon_core.shell:Creating environment descriptor '/home/song/rb10_Proximity/src/self_detection_raw/install/self_detection_raw/share/self_detection_raw/hook/path.dsv'
[1.764s] INFO:colcon.colcon_core.shell:Creating environment hook '/home/song/rb10_Proximity/src/self_detection_raw/install/self_detection_raw/share/self_detection_raw/hook/path.sh'
[1.764s] Level 1:colcon.colcon_core.environment:checking '/home/song/rb10_Proximity/src/self_detection_raw/install/self_detection_raw/lib/pkgconfig/self_detection_raw.pc'
[1.765s] Level 1:colcon.colcon_core.environment:checking '/home/song/rb10_Proximity/src/self_detection_raw/install/self_detection_raw/lib/python3.10/site-packages'
[1.765s] Level 1:colcon.colcon_core.shell:create_environment_hook('self_detection_raw', 'pythonpath')
[1.765s] INFO:colcon.colcon_core.shell:Creating environment hook '/home/song/rb10_Proximity/src/self_detection_raw/install/self_detection_raw/share/self_detection_raw/hook/pythonpath.ps1'
[1.765s] INFO:colcon.colcon_core.shell:Creating environment descriptor '/home/song/rb10_Proximity/src/self_detection_raw/install/self_detection_raw/share/self_detection_raw/hook/pythonpath.dsv'
[1.766s] INFO:colcon.colcon_core.shell:Creating environment hook '/home/song/rb10_Proximity/src/self_detection_raw/install/self_detection_raw/share/self_detection_raw/hook/pythonpath.sh'
[1.766s] Level 1:colcon.colcon_core.environment:checking '/home/song/rb10_Proximity/src/self_detection_raw/install/self_detection_raw/bin'
[1.766s] Level 1:colcon.colcon_core.shell:create_environment_hook('self_detection_raw', 'pythonscriptspath')
[1.766s] INFO:colcon.colcon_core.shell:Creating environment hook '/home/song/rb10_Proximity/src/self_detection_raw/install/self_detection_raw/share/self_detection_raw/hook/pythonscriptspath.ps1'
[1.767s] INFO:colcon.colcon_core.shell:Creating environment descriptor '/home/song/rb10_Proximity/src/self_detection_raw/install/self_detection_raw/share/self_detection_raw/hook/pythonscriptspath.dsv'
[1.767s] INFO:colcon.colcon_core.shell:Creating environment hook '/home/song/rb10_Proximity/src/self_detection_raw/install/self_detection_raw/share/self_detection_raw/hook/pythonscriptspath.sh'
[1.767s] Level 1:colcon.colcon_core.environment:create_environment_scripts_only(self_detection_raw)
[1.768s] INFO:colcon.colcon_core.shell:Creating package script '/home/song/rb10_Proximity/src/self_detection_raw/install/self_detection_raw/share/self_detection_raw/package.ps1'
[1.768s] INFO:colcon.colcon_core.shell:Creating package descriptor '/home/song/rb10_Proximity/src/self_detection_raw/install/self_detection_raw/share/self_detection_raw/package.dsv'
[1.769s] INFO:colcon.colcon_core.shell:Creating package script '/home/song/rb10_Proximity/src/self_detection_raw/install/self_detection_raw/share/self_detection_raw/package.sh'
[1.770s] INFO:colcon.colcon_core.shell:Creating package script '/home/song/rb10_Proximity/src/self_detection_raw/install/self_detection_raw/share/self_detection_raw/package.bash'
[1.770s] INFO:colcon.colcon_core.shell:Creating package script '/home/song/rb10_Proximity/src/self_detection_raw/install/self_detection_raw/share/self_detection_raw/package.zsh'
[1.771s] Level 1:colcon.colcon_core.environment:create_file_with_runtime_dependencies(/home/song/rb10_Proximity/src/self_detection_raw/install/self_detection_raw/share/colcon-core/packages/self_detection_raw)
[1.771s] DEBUG:colcon.colcon_parallel_executor.executor.parallel:closing loop
[1.773s] DEBUG:colcon.colcon_parallel_executor.executor.parallel:loop closed
[1.773s] DEBUG:colcon.colcon_parallel_executor.executor.parallel:run_until_complete finished with '0'
[1.773s] DEBUG:colcon.colcon_core.event_reactor:joining thread
[1.778s] INFO:colcon.colcon_core.plugin_system:Skipping extension 'colcon_notification.desktop_notification.terminal_notifier': Not used on non-Darwin systems
[1.778s] INFO:colcon.colcon_core.plugin_system:Skipping extension 'colcon_notification.desktop_notification.win32': Not used on non-Windows systems
[1.778s] INFO:colcon.colcon_notification.desktop_notification:Sending desktop notification using 'notify2'
[1.789s] DEBUG:colcon.colcon_core.event_reactor:joined thread
[1.789s] INFO:colcon.colcon_core.shell:Creating prefix script '/home/song/rb10_Proximity/src/self_detection_raw/install/local_setup.ps1'
[1.790s] INFO:colcon.colcon_core.shell:Creating prefix util module '/home/song/rb10_Proximity/src/self_detection_raw/install/_local_setup_util_ps1.py'
[1.791s] INFO:colcon.colcon_core.shell:Creating prefix chain script '/home/song/rb10_Proximity/src/self_detection_raw/install/setup.ps1'
[1.793s] INFO:colcon.colcon_core.shell:Creating prefix script '/home/song/rb10_Proximity/src/self_detection_raw/install/local_setup.sh'
[1.794s] INFO:colcon.colcon_core.shell:Creating prefix util module '/home/song/rb10_Proximity/src/self_detection_raw/install/_local_setup_util_sh.py'
[1.794s] INFO:colcon.colcon_core.shell:Creating prefix chain script '/home/song/rb10_Proximity/src/self_detection_raw/install/setup.sh'
[1.797s] INFO:colcon.colcon_core.shell:Creating prefix script '/home/song/rb10_Proximity/src/self_detection_raw/install/local_setup.bash'
[1.797s] INFO:colcon.colcon_core.shell:Creating prefix chain script '/home/song/rb10_Proximity/src/self_detection_raw/install/setup.bash'
[1.799s] INFO:colcon.colcon_core.shell:Creating prefix script '/home/song/rb10_Proximity/src/self_detection_raw/install/local_setup.zsh'
[1.800s] INFO:colcon.colcon_core.shell:Creating prefix chain script '/home/song/rb10_Proximity/src/self_detection_raw/install/setup.zsh'
